<?xml version="1.0" encoding="UTF-8"?>
<testng-results ignored="0" total="1" passed="1" failed="0" skipped="0">
  <reporter-output>
  </reporter-output>
  <suite started-at="2022-12-27T06:35:15Z" name="com.selenium_automation.AppTest" finished-at="2022-12-27T06:35:15Z" duration-ms="37">
    <groups>
    </groups>
    <test started-at="2022-12-27T06:35:15Z" name="Command line test" finished-at="2022-12-27T06:35:15Z" duration-ms="37">
      <class name="com.selenium_automation.AppTest">
        <test-method signature="test1()[pri:0, instance:com.selenium_automation.AppTest@78e117e3]" started-at="2022-12-27T12:05:15Z" name="test1" finished-at="2022-12-27T12:05:15Z" duration-ms="10" status="PASS">
          <reporter-output>
          </reporter-output>
        </test-method> <!-- test1 -->
      </class> <!-- com.selenium_automation.AppTest -->
    </test> <!-- Command line test -->
  </suite> <!-- com.selenium_automation.AppTest -->
</testng-results>
